{"C:\\Users\\ASUS\\Downloads\\ProjectNodeJs-master\\middlewares\\auth.js": {"path":"C:\\Users\\ASUS\\Downloads\\ProjectNodeJs-master\\middlewares\\auth.js","statementMap":{"0":{"start":{"line":4,"column":18},"end":{"line":4,"column":61}},"1":{"start":{"line":6,"column":4},"end":{"line":8,"column":5}},"2":{"start":{"line":7,"column":8},"end":{"line":7,"column":67}},"3":{"start":{"line":10,"column":4},"end":{"line":16,"column":7}},"4":{"start":{"line":11,"column":8},"end":{"line":13,"column":9}},"5":{"start":{"line":12,"column":12},"end":{"line":12,"column":71}},"6":{"start":{"line":14,"column":8},"end":{"line":14,"column":24}},"7":{"start":{"line":15,"column":8},"end":{"line":15,"column":15}}},"fnMap":{"0":{"name":"authenticateJWT","decl":{"start":{"line":3,"column":16},"end":{"line":3,"column":31}},"loc":{"start":{"line":3,"column":48},"end":{"line":17,"column":1}},"line":3},"1":{"name":"(anonymous_1)","decl":{"start":{"line":10,"column":46},"end":{"line":10,"column":47}},"loc":{"start":{"line":10,"column":61},"end":{"line":16,"column":5}},"line":10}},"branchMap":{"0":{"loc":{"start":{"line":6,"column":4},"end":{"line":8,"column":5}},"type":"if","locations":[{"start":{"line":6,"column":4},"end":{"line":8,"column":5}},{"start":{},"end":{}}],"line":6},"1":{"loc":{"start":{"line":11,"column":8},"end":{"line":13,"column":9}},"type":"if","locations":[{"start":{"line":11,"column":8},"end":{"line":13,"column":9}},{"start":{},"end":{}}],"line":11}},"s":{"0":0,"1":0,"2":0,"3":0,"4":0,"5":0,"6":0,"7":0},"f":{"0":0,"1":0},"b":{"0":[0,0],"1":[0,0]}}
,"C:\\Users\\ASUS\\Downloads\\ProjectNodeJs-master\\models\\db.js": {"path":"C:\\Users\\ASUS\\Downloads\\ProjectNodeJs-master\\models\\db.js","statementMap":{"0":{"start":{"line":4,"column":0},"end":{"line":4,"column":16}},"1":{"start":{"line":6,"column":18},"end":{"line":12,"column":2}}},"fnMap":{},"branchMap":{},"s":{"0":0,"1":0},"f":{},"b":{}}
,"C:\\Users\\ASUS\\Downloads\\ProjectNodeJs-master\\routes\\tasks.js": {"path":"C:\\Users\\ASUS\\Downloads\\ProjectNodeJs-master\\routes\\tasks.js","statementMap":{"0":{"start":{"line":6,"column":15},"end":{"line":6,"column":31}},"1":{"start":{"line":8,"column":11},"end":{"line":8,"column":23}},"2":{"start":{"line":10,"column":0},"end":{"line":23,"column":3}},"3":{"start":{"line":11,"column":43},"end":{"line":11,"column":51}},"4":{"start":{"line":12,"column":19},"end":{"line":12,"column":30}},"5":{"start":{"line":14,"column":4},"end":{"line":22,"column":5}},"6":{"start":{"line":15,"column":8},"end":{"line":15,"column":142}},"7":{"start":{"line":17,"column":8},"end":{"line":17,"column":61}},"8":{"start":{"line":19,"column":8},"end":{"line":19,"column":71}},"9":{"start":{"line":21,"column":8},"end":{"line":21,"column":67}},"10":{"start":{"line":25,"column":0},"end":{"line":32,"column":3}},"11":{"start":{"line":26,"column":4},"end":{"line":31,"column":5}},"12":{"start":{"line":27,"column":24},"end":{"line":27,"column":96}},"13":{"start":{"line":28,"column":8},"end":{"line":28,"column":36}},"14":{"start":{"line":30,"column":8},"end":{"line":30,"column":67}},"15":{"start":{"line":34,"column":0},"end":{"line":49,"column":3}},"16":{"start":{"line":35,"column":19},"end":{"line":35,"column":29}},"17":{"start":{"line":36,"column":43},"end":{"line":36,"column":51}},"18":{"start":{"line":37,"column":19},"end":{"line":37,"column":30}},"19":{"start":{"line":39,"column":4},"end":{"line":48,"column":5}},"20":{"start":{"line":40,"column":25},"end":{"line":40,"column":171}},"21":{"start":{"line":41,"column":8},"end":{"line":41,"column":101}},"22":{"start":{"line":41,"column":39},"end":{"line":41,"column":101}},"23":{"start":{"line":43,"column":8},"end":{"line":43,"column":67}},"24":{"start":{"line":45,"column":8},"end":{"line":45,"column":75}},"25":{"start":{"line":47,"column":8},"end":{"line":47,"column":67}},"26":{"start":{"line":51,"column":0},"end":{"line":65,"column":3}},"27":{"start":{"line":52,"column":19},"end":{"line":52,"column":29}},"28":{"start":{"line":53,"column":19},"end":{"line":53,"column":30}},"29":{"start":{"line":55,"column":4},"end":{"line":64,"column":5}},"30":{"start":{"line":56,"column":25},"end":{"line":56,"column":105}},"31":{"start":{"line":57,"column":8},"end":{"line":57,"column":101}},"32":{"start":{"line":57,"column":39},"end":{"line":57,"column":101}},"33":{"start":{"line":59,"column":8},"end":{"line":59,"column":39}},"34":{"start":{"line":61,"column":8},"end":{"line":61,"column":73}},"35":{"start":{"line":63,"column":8},"end":{"line":63,"column":67}},"36":{"start":{"line":67,"column":26},"end":{"line":70,"column":1}},"37":{"start":{"line":68,"column":4},"end":{"line":68,"column":26}},"38":{"start":{"line":69,"column":4},"end":{"line":69,"column":45}}},"fnMap":{"0":{"name":"(anonymous_0)","decl":{"start":{"line":10,"column":34},"end":{"line":10,"column":35}},"loc":{"start":{"line":10,"column":54},"end":{"line":23,"column":1}},"line":10},"1":{"name":"(anonymous_1)","decl":{"start":{"line":25,"column":33},"end":{"line":25,"column":34}},"loc":{"start":{"line":25,"column":53},"end":{"line":32,"column":1}},"line":25},"2":{"name":"(anonymous_2)","decl":{"start":{"line":34,"column":36},"end":{"line":34,"column":37}},"loc":{"start":{"line":34,"column":56},"end":{"line":49,"column":1}},"line":34},"3":{"name":"(anonymous_3)","decl":{"start":{"line":51,"column":39},"end":{"line":51,"column":40}},"loc":{"start":{"line":51,"column":59},"end":{"line":65,"column":1}},"line":51},"4":{"name":"(anonymous_4)","decl":{"start":{"line":67,"column":26},"end":{"line":67,"column":27}},"loc":{"start":{"line":67,"column":42},"end":{"line":70,"column":1}},"line":67}},"branchMap":{"0":{"loc":{"start":{"line":41,"column":8},"end":{"line":41,"column":101}},"type":"if","locations":[{"start":{"line":41,"column":8},"end":{"line":41,"column":101}},{"start":{},"end":{}}],"line":41},"1":{"loc":{"start":{"line":57,"column":8},"end":{"line":57,"column":101}},"type":"if","locations":[{"start":{"line":57,"column":8},"end":{"line":57,"column":101}},{"start":{},"end":{}}],"line":57}},"s":{"0":0,"1":0,"2":0,"3":0,"4":0,"5":0,"6":0,"7":0,"8":0,"9":0,"10":0,"11":0,"12":0,"13":0,"14":0,"15":0,"16":0,"17":0,"18":0,"19":0,"20":0,"21":0,"22":0,"23":0,"24":0,"25":0,"26":0,"27":0,"28":0,"29":0,"30":0,"31":0,"32":0,"33":0,"34":0,"35":0,"36":0,"37":0,"38":0},"f":{"0":0,"1":0,"2":0,"3":0,"4":0},"b":{"0":[0,0],"1":[0,0]}}
,"C:\\Users\\ASUS\\Downloads\\ProjectNodeJs-master\\routes\\users.js": {"path":"C:\\Users\\ASUS\\Downloads\\ProjectNodeJs-master\\routes\\users.js","statementMap":{"0":{"start":{"line":6,"column":15},"end":{"line":6,"column":31}},"1":{"start":{"line":11,"column":0},"end":{"line":46,"column":3}},"2":{"start":{"line":12,"column":4},"end":{"line":45,"column":5}},"3":{"start":{"line":13,"column":39},"end":{"line":13,"column":47}},"4":{"start":{"line":15,"column":8},"end":{"line":15,"column":63}},"5":{"start":{"line":17,"column":8},"end":{"line":19,"column":9}},"6":{"start":{"line":18,"column":12},"end":{"line":18,"column":73}},"7":{"start":{"line":22,"column":27},"end":{"line":25,"column":9}},"8":{"start":{"line":27,"column":8},"end":{"line":29,"column":9}},"9":{"start":{"line":28,"column":12},"end":{"line":28,"column":84}},"10":{"start":{"line":32,"column":31},"end":{"line":32,"column":62}},"11":{"start":{"line":35,"column":8},"end":{"line":38,"column":10}},"12":{"start":{"line":40,"column":8},"end":{"line":40,"column":74}},"13":{"start":{"line":43,"column":8},"end":{"line":43,"column":53}},"14":{"start":{"line":44,"column":8},"end":{"line":44,"column":71}},"15":{"start":{"line":51,"column":0},"end":{"line":87,"column":3}},"16":{"start":{"line":52,"column":4},"end":{"line":86,"column":5}},"17":{"start":{"line":53,"column":39},"end":{"line":53,"column":47}},"18":{"start":{"line":55,"column":8},"end":{"line":57,"column":9}},"19":{"start":{"line":56,"column":12},"end":{"line":56,"column":73}},"20":{"start":{"line":59,"column":24},"end":{"line":62,"column":9}},"21":{"start":{"line":64,"column":8},"end":{"line":66,"column":9}},"22":{"start":{"line":65,"column":12},"end":{"line":65,"column":80}},"23":{"start":{"line":68,"column":21},"end":{"line":68,"column":29}},"24":{"start":{"line":70,"column":24},"end":{"line":70,"column":69}},"25":{"start":{"line":71,"column":8},"end":{"line":73,"column":9}},"26":{"start":{"line":72,"column":12},"end":{"line":72,"column":80}},"27":{"start":{"line":75,"column":22},"end":{"line":79,"column":9}},"28":{"start":{"line":81,"column":8},"end":{"line":81,"column":28}},"29":{"start":{"line":84,"column":8},"end":{"line":84,"column":50}},"30":{"start":{"line":85,"column":8},"end":{"line":85,"column":71}},"31":{"start":{"line":92,"column":0},"end":{"line":104,"column":3}},"32":{"start":{"line":93,"column":4},"end":{"line":103,"column":5}},"33":{"start":{"line":94,"column":24},"end":{"line":96,"column":9}},"34":{"start":{"line":98,"column":8},"end":{"line":98,"column":24}},"35":{"start":{"line":101,"column":8},"end":{"line":101,"column":49}},"36":{"start":{"line":102,"column":8},"end":{"line":102,"column":71}},"37":{"start":{"line":109,"column":0},"end":{"line":128,"column":3}},"38":{"start":{"line":110,"column":4},"end":{"line":127,"column":5}},"39":{"start":{"line":111,"column":23},"end":{"line":111,"column":33}},"40":{"start":{"line":113,"column":25},"end":{"line":116,"column":9}},"41":{"start":{"line":118,"column":8},"end":{"line":120,"column":9}},"42":{"start":{"line":119,"column":12},"end":{"line":119,"column":79}},"43":{"start":{"line":122,"column":8},"end":{"line":122,"column":66}},"44":{"start":{"line":125,"column":8},"end":{"line":125,"column":51}},"45":{"start":{"line":126,"column":8},"end":{"line":126,"column":71}}},"fnMap":{"0":{"name":"(anonymous_0)","decl":{"start":{"line":11,"column":25},"end":{"line":11,"column":26}},"loc":{"start":{"line":11,"column":45},"end":{"line":46,"column":1}},"line":11},"1":{"name":"(anonymous_1)","decl":{"start":{"line":51,"column":22},"end":{"line":51,"column":23}},"loc":{"start":{"line":51,"column":42},"end":{"line":87,"column":1}},"line":51},"2":{"name":"(anonymous_2)","decl":{"start":{"line":92,"column":20},"end":{"line":92,"column":21}},"loc":{"start":{"line":92,"column":40},"end":{"line":104,"column":1}},"line":92},"3":{"name":"(anonymous_3)","decl":{"start":{"line":109,"column":29},"end":{"line":109,"column":30}},"loc":{"start":{"line":109,"column":49},"end":{"line":128,"column":1}},"line":109}},"branchMap":{"0":{"loc":{"start":{"line":17,"column":8},"end":{"line":19,"column":9}},"type":"if","locations":[{"start":{"line":17,"column":8},"end":{"line":19,"column":9}},{"start":{},"end":{}}],"line":17},"1":{"loc":{"start":{"line":17,"column":12},"end":{"line":17,"column":34}},"type":"binary-expr","locations":[{"start":{"line":17,"column":12},"end":{"line":17,"column":21}},{"start":{"line":17,"column":25},"end":{"line":17,"column":34}}],"line":17},"2":{"loc":{"start":{"line":27,"column":8},"end":{"line":29,"column":9}},"type":"if","locations":[{"start":{"line":27,"column":8},"end":{"line":29,"column":9}},{"start":{},"end":{}}],"line":27},"3":{"loc":{"start":{"line":55,"column":8},"end":{"line":57,"column":9}},"type":"if","locations":[{"start":{"line":55,"column":8},"end":{"line":57,"column":9}},{"start":{},"end":{}}],"line":55},"4":{"loc":{"start":{"line":55,"column":12},"end":{"line":55,"column":34}},"type":"binary-expr","locations":[{"start":{"line":55,"column":12},"end":{"line":55,"column":21}},{"start":{"line":55,"column":25},"end":{"line":55,"column":34}}],"line":55},"5":{"loc":{"start":{"line":64,"column":8},"end":{"line":66,"column":9}},"type":"if","locations":[{"start":{"line":64,"column":8},"end":{"line":66,"column":9}},{"start":{},"end":{}}],"line":64},"6":{"loc":{"start":{"line":71,"column":8},"end":{"line":73,"column":9}},"type":"if","locations":[{"start":{"line":71,"column":8},"end":{"line":73,"column":9}},{"start":{},"end":{}}],"line":71},"7":{"loc":{"start":{"line":118,"column":8},"end":{"line":120,"column":9}},"type":"if","locations":[{"start":{"line":118,"column":8},"end":{"line":120,"column":9}},{"start":{},"end":{}}],"line":118}},"s":{"0":0,"1":0,"2":0,"3":0,"4":0,"5":0,"6":0,"7":0,"8":0,"9":0,"10":0,"11":0,"12":0,"13":0,"14":0,"15":0,"16":0,"17":0,"18":0,"19":0,"20":0,"21":0,"22":0,"23":0,"24":0,"25":0,"26":0,"27":0,"28":0,"29":0,"30":0,"31":0,"32":0,"33":0,"34":0,"35":0,"36":0,"37":0,"38":0,"39":0,"40":0,"41":0,"42":0,"43":0,"44":0,"45":0},"f":{"0":0,"1":0,"2":0,"3":0},"b":{"0":[0,0],"1":[0,0],"2":[0,0],"3":[0,0],"4":[0,0],"5":[0,0],"6":[0,0],"7":[0,0]}}
}
